25-07-14 18:55:13.193 [cluster-ClusterId{value='6874e08c53018f7fe99e9ab8', description='Journal_App'}-ac-8iec0yj-shard-00-02.bp7ffuu.mongodb.net:27017] INFO  org.mongodb.driver.cluster - Exception in monitor thread while connecting to server ac-8iec0yj-shard-00-02.bp7ffuu.mongodb.net:27017 
com.mongodb.MongoSocketReadTimeoutException: Timeout while receiving message
	at com.mongodb.internal.connection.InternalStreamConnection.createReadTimeoutException(InternalStreamConnection.java:819)
	at com.mongodb.internal.connection.InternalStreamConnection.translateReadException(InternalStreamConnection.java:807)
	at com.mongodb.internal.connection.InternalStreamConnection.receiveResponseBuffers(InternalStreamConnection.java:857)
	at com.mongodb.internal.connection.InternalStreamConnection.receiveCommandMessageResponse(InternalStreamConnection.java:517)
	at com.mongodb.internal.connection.InternalStreamConnection.receive(InternalStreamConnection.java:469)
	at com.mongodb.internal.connection.DefaultServerMonitor$ServerMonitor.lookupServerDescription(DefaultServerMonitor.java:249)
	at com.mongodb.internal.connection.DefaultServerMonitor$ServerMonitor.run(DefaultServerMonitor.java:176)
Caused by: java.net.SocketTimeoutException: Read timed out
	at java.base/sun.nio.ch.NioSocketImpl.timedRead(NioSocketImpl.java:278)
	at java.base/sun.nio.ch.NioSocketImpl.implRead(NioSocketImpl.java:304)
	at java.base/sun.nio.ch.NioSocketImpl.read(NioSocketImpl.java:346)
	at java.base/sun.nio.ch.NioSocketImpl$1.read(NioSocketImpl.java:796)
	at java.base/java.net.Socket$SocketInputStream.implRead(Socket.java:1108)
	at java.base/java.net.Socket$SocketInputStream.read(Socket.java:1095)
	at java.base/sun.security.ssl.SSLSocketInputRecord.read(SSLSocketInputRecord.java:489)
	at java.base/sun.security.ssl.SSLSocketInputRecord.readHeader(SSLSocketInputRecord.java:483)
	at java.base/sun.security.ssl.SSLSocketInputRecord.bytesInCompletePacket(SSLSocketInputRecord.java:70)
	at java.base/sun.security.ssl.SSLSocketImpl.readApplicationRecord(SSLSocketImpl.java:1462)
	at java.base/sun.security.ssl.SSLSocketImpl$AppInputStream.read(SSLSocketImpl.java:1068)
	at com.mongodb.internal.connection.SocketStream.read(SocketStream.java:182)
	at com.mongodb.internal.connection.InternalStreamConnection.receiveResponseBuffers(InternalStreamConnection.java:824)
	... 4 common frames omitted
25-07-14 18:55:13.289 [cluster-ClusterId{value='6874e08c53018f7fe99e9ab8', description='Journal_App'}-ac-8iec0yj-shard-00-02.bp7ffuu.mongodb.net:27017] INFO  org.mongodb.driver.cluster - Exception in monitor thread while connecting to server ac-8iec0yj-shard-00-02.bp7ffuu.mongodb.net:27017 
com.mongodb.MongoSocketException: No such host is known (ac-8iec0yj-shard-00-02.bp7ffuu.mongodb.net)
	at com.mongodb.internal.connection.ServerAddressHelper.getSocketAddresses(ServerAddressHelper.java:75)
	at com.mongodb.internal.connection.SocketStream.initializeSocket(SocketStream.java:100)
	at com.mongodb.internal.connection.SocketStream.open(SocketStream.java:79)
	at com.mongodb.internal.connection.InternalStreamConnection.open(InternalStreamConnection.java:233)
	at com.mongodb.internal.connection.DefaultServerMonitor$ServerMonitor.lookupServerDescription(DefaultServerMonitor.java:219)
	at com.mongodb.internal.connection.DefaultServerMonitor$ServerMonitor.run(DefaultServerMonitor.java:176)
Caused by: java.net.UnknownHostException: No such host is known (ac-8iec0yj-shard-00-02.bp7ffuu.mongodb.net)
	at java.base/java.net.Inet6AddressImpl.lookupAllHostAddr(Native Method)
	at java.base/java.net.Inet6AddressImpl.lookupAllHostAddr(Inet6AddressImpl.java:52)
	at java.base/java.net.InetAddress$PlatformResolver.lookupByName(InetAddress.java:1221)
	at java.base/java.net.InetAddress.getAddressesFromNameService(InetAddress.java:1816)
	at java.base/java.net.InetAddress$NameServiceAddresses.get(InetAddress.java:1149)
	at java.base/java.net.InetAddress.getAllByName0(InetAddress.java:1806)
	at java.base/java.net.InetAddress.getAllByName(InetAddress.java:1676)
	at com.mongodb.internal.connection.DefaultInetAddressResolver.lookupByName(DefaultInetAddressResolver.java:34)
	at com.mongodb.internal.connection.ServerAddressHelper.getSocketAddresses(ServerAddressHelper.java:71)
	... 5 common frames omitted
25-07-14 18:55:22.301 [cluster-ClusterId{value='6874e08c53018f7fe99e9ab8', description='Journal_App'}-ac-8iec0yj-shard-00-00.bp7ffuu.mongodb.net:27017] INFO  org.mongodb.driver.cluster - Exception in monitor thread while connecting to server ac-8iec0yj-shard-00-00.bp7ffuu.mongodb.net:27017 
com.mongodb.MongoSocketReadTimeoutException: Timeout while receiving message
	at com.mongodb.internal.connection.InternalStreamConnection.createReadTimeoutException(InternalStreamConnection.java:819)
	at com.mongodb.internal.connection.InternalStreamConnection.translateReadException(InternalStreamConnection.java:807)
	at com.mongodb.internal.connection.InternalStreamConnection.receiveResponseBuffers(InternalStreamConnection.java:857)
	at com.mongodb.internal.connection.InternalStreamConnection.receiveCommandMessageResponse(InternalStreamConnection.java:517)
	at com.mongodb.internal.connection.InternalStreamConnection.receive(InternalStreamConnection.java:469)
	at com.mongodb.internal.connection.DefaultServerMonitor$ServerMonitor.lookupServerDescription(DefaultServerMonitor.java:249)
	at com.mongodb.internal.connection.DefaultServerMonitor$ServerMonitor.run(DefaultServerMonitor.java:176)
Caused by: java.net.SocketTimeoutException: Read timed out
	at java.base/sun.nio.ch.NioSocketImpl.timedRead(NioSocketImpl.java:278)
	at java.base/sun.nio.ch.NioSocketImpl.implRead(NioSocketImpl.java:304)
	at java.base/sun.nio.ch.NioSocketImpl.read(NioSocketImpl.java:346)
	at java.base/sun.nio.ch.NioSocketImpl$1.read(NioSocketImpl.java:796)
	at java.base/java.net.Socket$SocketInputStream.implRead(Socket.java:1108)
	at java.base/java.net.Socket$SocketInputStream.read(Socket.java:1095)
	at java.base/sun.security.ssl.SSLSocketInputRecord.read(SSLSocketInputRecord.java:489)
	at java.base/sun.security.ssl.SSLSocketInputRecord.readHeader(SSLSocketInputRecord.java:483)
	at java.base/sun.security.ssl.SSLSocketInputRecord.bytesInCompletePacket(SSLSocketInputRecord.java:70)
	at java.base/sun.security.ssl.SSLSocketImpl.readApplicationRecord(SSLSocketImpl.java:1462)
	at java.base/sun.security.ssl.SSLSocketImpl$AppInputStream.read(SSLSocketImpl.java:1068)
	at com.mongodb.internal.connection.SocketStream.read(SocketStream.java:182)
	at com.mongodb.internal.connection.InternalStreamConnection.receiveResponseBuffers(InternalStreamConnection.java:824)
	... 4 common frames omitted
25-07-14 18:55:22.540 [cluster-ClusterId{value='6874e08c53018f7fe99e9ab8', description='Journal_App'}-ac-8iec0yj-shard-00-00.bp7ffuu.mongodb.net:27017] INFO  org.mongodb.driver.cluster - Monitor thread successfully connected to server with description ServerDescription{address=ac-8iec0yj-shard-00-00.bp7ffuu.mongodb.net:27017, type=REPLICA_SET_SECONDARY, cryptd=false, state=CONNECTED, ok=true, minWireVersion=0, maxWireVersion=25, maxDocumentSize=16777216, logicalSessionTimeoutMinutes=30, roundTripTimeNanos=165720100, minRoundTripTimeNanos=0, setName='atlas-leg03q-shard-0', canonicalAddress=ac-8iec0yj-shard-00-00.bp7ffuu.mongodb.net:27017, hosts=[ac-8iec0yj-shard-00-00.bp7ffuu.mongodb.net:27017, ac-8iec0yj-shard-00-01.bp7ffuu.mongodb.net:27017, ac-8iec0yj-shard-00-02.bp7ffuu.mongodb.net:27017], passives=[], arbiters=[], primary='ac-8iec0yj-shard-00-01.bp7ffuu.mongodb.net:27017', tagSet=TagSet{[Tag{name='availabilityZone', value='aps1-az1'}, Tag{name='diskState', value='READY'}, Tag{name='nodeType', value='ELECTABLE'}, Tag{name='provider', value='AWS'}, Tag{name='region', value='AP_SOUTH_1'}, Tag{name='workloadType', value='OPERATIONAL'}]}, electionId=null, setVersion=43, topologyVersion=TopologyVersion{processId=68701e53fed101155799c6be, counter=4}, lastWriteDate=Mon Jul 14 18:55:19 IST 2025, lastUpdateTimeNanos=198866345204100} 
25-07-14 18:55:22.942 [cluster-ClusterId{value='6874e08c53018f7fe99e9ab8', description='Journal_App'}-ac-8iec0yj-shard-00-01.bp7ffuu.mongodb.net:27017] INFO  org.mongodb.driver.cluster - Exception in monitor thread while connecting to server ac-8iec0yj-shard-00-01.bp7ffuu.mongodb.net:27017 
com.mongodb.MongoSocketReadTimeoutException: Timeout while receiving message
	at com.mongodb.internal.connection.InternalStreamConnection.createReadTimeoutException(InternalStreamConnection.java:819)
	at com.mongodb.internal.connection.InternalStreamConnection.translateReadException(InternalStreamConnection.java:807)
	at com.mongodb.internal.connection.InternalStreamConnection.receiveResponseBuffers(InternalStreamConnection.java:857)
	at com.mongodb.internal.connection.InternalStreamConnection.receiveCommandMessageResponse(InternalStreamConnection.java:517)
	at com.mongodb.internal.connection.InternalStreamConnection.receive(InternalStreamConnection.java:469)
	at com.mongodb.internal.connection.DefaultServerMonitor$ServerMonitor.lookupServerDescription(DefaultServerMonitor.java:249)
	at com.mongodb.internal.connection.DefaultServerMonitor$ServerMonitor.run(DefaultServerMonitor.java:176)
Caused by: java.net.SocketTimeoutException: Read timed out
	at java.base/sun.nio.ch.NioSocketImpl.timedRead(NioSocketImpl.java:278)
	at java.base/sun.nio.ch.NioSocketImpl.implRead(NioSocketImpl.java:304)
	at java.base/sun.nio.ch.NioSocketImpl.read(NioSocketImpl.java:346)
	at java.base/sun.nio.ch.NioSocketImpl$1.read(NioSocketImpl.java:796)
	at java.base/java.net.Socket$SocketInputStream.implRead(Socket.java:1108)
	at java.base/java.net.Socket$SocketInputStream.read(Socket.java:1095)
	at java.base/sun.security.ssl.SSLSocketInputRecord.read(SSLSocketInputRecord.java:489)
	at java.base/sun.security.ssl.SSLSocketInputRecord.readHeader(SSLSocketInputRecord.java:483)
	at java.base/sun.security.ssl.SSLSocketInputRecord.bytesInCompletePacket(SSLSocketInputRecord.java:70)
	at java.base/sun.security.ssl.SSLSocketImpl.readApplicationRecord(SSLSocketImpl.java:1462)
	at java.base/sun.security.ssl.SSLSocketImpl$AppInputStream.read(SSLSocketImpl.java:1068)
	at com.mongodb.internal.connection.SocketStream.read(SocketStream.java:182)
	at com.mongodb.internal.connection.InternalStreamConnection.receiveResponseBuffers(InternalStreamConnection.java:824)
	... 4 common frames omitted
25-07-14 18:55:23.082 [cluster-ClusterId{value='6874e08c53018f7fe99e9ab8', description='Journal_App'}-ac-8iec0yj-shard-00-01.bp7ffuu.mongodb.net:27017] INFO  org.mongodb.driver.cluster - Monitor thread successfully connected to server with description ServerDescription{address=ac-8iec0yj-shard-00-01.bp7ffuu.mongodb.net:27017, type=REPLICA_SET_PRIMARY, cryptd=false, state=CONNECTED, ok=true, minWireVersion=0, maxWireVersion=25, maxDocumentSize=16777216, logicalSessionTimeoutMinutes=30, roundTripTimeNanos=87115100, minRoundTripTimeNanos=0, setName='atlas-leg03q-shard-0', canonicalAddress=ac-8iec0yj-shard-00-01.bp7ffuu.mongodb.net:27017, hosts=[ac-8iec0yj-shard-00-00.bp7ffuu.mongodb.net:27017, ac-8iec0yj-shard-00-01.bp7ffuu.mongodb.net:27017, ac-8iec0yj-shard-00-02.bp7ffuu.mongodb.net:27017], passives=[], arbiters=[], primary='ac-8iec0yj-shard-00-01.bp7ffuu.mongodb.net:27017', tagSet=TagSet{[Tag{name='availabilityZone', value='aps1-az3'}, Tag{name='diskState', value='READY'}, Tag{name='nodeType', value='ELECTABLE'}, Tag{name='provider', value='AWS'}, Tag{name='region', value='AP_SOUTH_1'}, Tag{name='workloadType', value='OPERATIONAL'}]}, electionId=7fffffff000000000000006a, setVersion=43, topologyVersion=TopologyVersion{processId=68701e9190ae769acb709c75, counter=6}, lastWriteDate=Mon Jul 14 18:55:19 IST 2025, lastUpdateTimeNanos=198866891378600} 
25-07-14 18:55:23.084 [cluster-ClusterId{value='6874e08c53018f7fe99e9ab8', description='Journal_App'}-ac-8iec0yj-shard-00-01.bp7ffuu.mongodb.net:27017] INFO  org.mongodb.driver.cluster - Discovered replica set primary ac-8iec0yj-shard-00-01.bp7ffuu.mongodb.net:27017 with max election id 7fffffff000000000000006a and max set version 43 
25-07-14 18:55:23.426 [cluster-ClusterId{value='6874e08c53018f7fe99e9ab8', description='Journal_App'}-ac-8iec0yj-shard-00-02.bp7ffuu.mongodb.net:27017] INFO  org.mongodb.driver.cluster - Monitor thread successfully connected to server with description ServerDescription{address=ac-8iec0yj-shard-00-02.bp7ffuu.mongodb.net:27017, type=REPLICA_SET_SECONDARY, cryptd=false, state=CONNECTED, ok=true, minWireVersion=0, maxWireVersion=25, maxDocumentSize=16777216, logicalSessionTimeoutMinutes=30, roundTripTimeNanos=97429200, minRoundTripTimeNanos=0, setName='atlas-leg03q-shard-0', canonicalAddress=ac-8iec0yj-shard-00-02.bp7ffuu.mongodb.net:27017, hosts=[ac-8iec0yj-shard-00-00.bp7ffuu.mongodb.net:27017, ac-8iec0yj-shard-00-01.bp7ffuu.mongodb.net:27017, ac-8iec0yj-shard-00-02.bp7ffuu.mongodb.net:27017], passives=[], arbiters=[], primary='ac-8iec0yj-shard-00-01.bp7ffuu.mongodb.net:27017', tagSet=TagSet{[Tag{name='availabilityZone', value='aps1-az2'}, Tag{name='diskState', value='READY'}, Tag{name='nodeType', value='ELECTABLE'}, Tag{name='provider', value='AWS'}, Tag{name='region', value='AP_SOUTH_1'}, Tag{name='workloadType', value='OPERATIONAL'}]}, electionId=null, setVersion=43, topologyVersion=TopologyVersion{processId=68701ecfb21eaf1574863c3a, counter=3}, lastWriteDate=Mon Jul 14 18:55:19 IST 2025, lastUpdateTimeNanos=198867235454300} 
